2015-07-30 12:20:51,618 WARN Included extra file "/etc/supervisor/conf.d/streamup-servers.conf" during parsing
2015-07-30 12:20:51,623 INFO supervisord started with pid 2265
2015-07-30 12:20:52,626 INFO spawned: 'streamup-teco-server' with pid 2268
2015-07-30 12:20:52,629 INFO spawned: 'streamup_gui' with pid 2269
2015-07-30 12:20:54,545 INFO success: streamup-teco-server entered RUNNING state, process has stayed up for > than 1 seconds (startsecs)
2015-07-30 12:20:54,545 INFO success: streamup_gui entered RUNNING state, process has stayed up for > than 1 seconds (startsecs)
2015-07-30 12:21:49,999 WARN received SIGINT indicating exit request
2015-07-30 12:21:50,000 INFO waiting for streamup-teco-server, streamup_gui to die
2015-07-30 12:21:50,006 INFO stopped: streamup_gui (exit status 0)
2015-07-30 12:21:50,015 INFO stopped: streamup-teco-server (exit status 0)
2015-07-30 12:32:45,036 WARN Included extra file "/etc/supervisor/conf.d/streamup-servers.conf" during parsing
2015-07-30 12:32:45,041 INFO supervisord started with pid 2266
2015-07-30 12:32:46,043 INFO spawned: 'streamup-teco-server' with pid 2269
2015-07-30 12:32:46,045 INFO spawned: 'streamup_gui' with pid 2270
2015-07-30 12:32:48,017 INFO success: streamup-teco-server entered RUNNING state, process has stayed up for > than 1 seconds (startsecs)
2015-07-30 12:32:48,017 INFO success: streamup_gui entered RUNNING state, process has stayed up for > than 1 seconds (startsecs)
2015-07-30 12:32:54,644 WARN received SIGINT indicating exit request
2015-07-30 12:32:54,644 INFO waiting for streamup-teco-server, streamup_gui to die
2015-07-30 12:32:54,652 INFO stopped: streamup_gui (exit status 0)
2015-07-30 12:32:54,659 INFO stopped: streamup-teco-server (exit status 0)
2015-07-30 12:33:43,262 WARN Included extra file "/etc/supervisor/conf.d/streamup-servers.conf" during parsing
2015-07-30 12:33:43,267 INFO supervisord started with pid 4526
2015-07-30 12:33:44,269 INFO spawned: 'streamup-teco-server' with pid 4529
2015-07-30 12:33:44,271 INFO spawned: 'streamup_gui' with pid 4530
2015-07-30 12:33:46,210 INFO success: streamup-teco-server entered RUNNING state, process has stayed up for > than 1 seconds (startsecs)
2015-07-30 12:33:46,210 INFO success: streamup_gui entered RUNNING state, process has stayed up for > than 1 seconds (startsecs)
2015-07-30 12:34:37,330 WARN received SIGINT indicating exit request
2015-07-30 12:34:37,330 INFO waiting for streamup-teco-server, streamup_gui to die
2015-07-30 12:34:37,336 INFO stopped: streamup_gui (exit status 0)
2015-07-30 12:34:37,344 INFO stopped: streamup-teco-server (exit status 0)
2015-07-30 12:35:58,025 WARN Included extra file "/etc/supervisor/conf.d/streamup-servers.conf" during parsing
2015-07-30 12:35:58,029 INFO supervisord started with pid 2265
2015-07-30 12:35:59,032 INFO spawned: 'streamup-teco-server' with pid 2268
2015-07-30 12:35:59,033 INFO spawned: 'streamup_gui' with pid 2269
2015-07-30 12:36:00,978 INFO success: streamup-teco-server entered RUNNING state, process has stayed up for > than 1 seconds (startsecs)
2015-07-30 12:36:00,979 INFO success: streamup_gui entered RUNNING state, process has stayed up for > than 1 seconds (startsecs)
2015-07-30 12:36:08,970 WARN received SIGINT indicating exit request
2015-07-30 12:36:08,970 INFO waiting for streamup-teco-server, streamup_gui to die
2015-07-30 12:36:08,977 INFO stopped: streamup_gui (exit status 0)
2015-07-30 12:36:08,984 INFO stopped: streamup-teco-server (exit status 0)
